0 info it worked if it ends with ok
1 verbose cli [ '/usr/local/bin/node',
1 verbose cli   '/usr/local/bin/npm',
1 verbose cli   'install',
1 verbose cli   'nodeautoingest' ]
2 info using npm@1.2.25
3 info using node@v0.11.3-pre
4 verbose read json /Users/MasterCK/Documents/workspace/parseSaleApple/package.json
5 verbose read json /Users/MasterCK/Documents/workspace/parseSaleApple/node_modules/cron/package.json
6 verbose read json /Users/MasterCK/Documents/workspace/parseSaleApple/node_modules/csv/package.json
7 verbose read json /Users/MasterCK/Documents/workspace/parseSaleApple/node_modules/scp/package.json
8 verbose read json /Users/MasterCK/Documents/workspace/parseSaleApple/package.json
9 verbose cache add [ 'nodeautoingest', null ]
10 verbose cache add name=undefined spec="nodeautoingest" args=["nodeautoingest",null]
11 verbose parsed url { protocol: null,
11 verbose parsed url   slashes: null,
11 verbose parsed url   auth: null,
11 verbose parsed url   host: null,
11 verbose parsed url   port: null,
11 verbose parsed url   hostname: null,
11 verbose parsed url   hash: null,
11 verbose parsed url   search: null,
11 verbose parsed url   query: null,
11 verbose parsed url   pathname: 'nodeautoingest',
11 verbose parsed url   path: 'nodeautoingest',
11 verbose parsed url   href: 'nodeautoingest' }
12 silly lockFile 66f6e1a2-nodeautoingest nodeautoingest
13 verbose lock nodeautoingest /Users/MasterCK/.npm/66f6e1a2-nodeautoingest.lock
14 silly lockFile 66f6e1a2-nodeautoingest nodeautoingest
15 silly lockFile 66f6e1a2-nodeautoingest nodeautoingest
16 verbose addNamed [ 'nodeautoingest', '' ]
17 verbose addNamed [ null, '' ]
18 silly lockFile b79d2399-nodeautoingest nodeautoingest@
19 verbose lock nodeautoingest@ /Users/MasterCK/.npm/b79d2399-nodeautoingest.lock
20 silly addNameRange { name: 'nodeautoingest', range: '', hasData: false }
21 verbose url raw nodeautoingest
22 verbose url resolving [ 'https://registry.npmjs.org/', './nodeautoingest' ]
23 verbose url resolved https://registry.npmjs.org/nodeautoingest
24 info trying registry request attempt 1 at 10:11:11
25 http GET https://registry.npmjs.org/nodeautoingest
26 http 404 https://registry.npmjs.org/nodeautoingest
27 silly registry.get cb [ 404,
27 silly registry.get   { server: 'CouchDB/1.3.1 (Erlang OTP/R15B03)',
27 silly registry.get     date: 'Fri, 23 Aug 2013 01:09:22 GMT',
27 silly registry.get     'content-type': 'application/json',
27 silly registry.get     'content-length': '52',
27 silly registry.get     'cache-control': 'must-revalidate' } ]
28 silly lockFile b79d2399-nodeautoingest nodeautoingest@
29 silly lockFile b79d2399-nodeautoingest nodeautoingest@
30 error 404 'nodeautoingest' is not in the npm registry.
30 error 404 You should bug the author to publish it
30 error 404
30 error 404 Note that you can also install from a
30 error 404 tarball, folder, or http url, or git url.
31 error System Darwin 12.2.1
32 error command "/usr/local/bin/node" "/usr/local/bin/npm" "install" "nodeautoingest"
33 error cwd /Users/MasterCK/Documents/workspace/parseSaleApple
34 error node -v v0.11.3-pre
35 error npm -v 1.2.25
36 error code E404
37 verbose exit [ 1, true ]
